<?xml version="1.0" encoding="UTF-8"?>
<testng-results ignored="0" total="1" passed="1" failed="0" skipped="0">
  <reporter-output>
  </reporter-output>
  <suite started-at="2022-12-07T14:04:45 EST" name="Default suite" finished-at="2022-12-07T14:04:54 EST" duration-ms="8743">
    <groups>
    </groups>
    <test started-at="2022-12-07T14:04:45 EST" name="Default test" finished-at="2022-12-07T14:04:54 EST" duration-ms="8743">
      <class name="testNG.FBLogin">
        <test-method signature="f()[pri:0, instance:testNG.FBLogin@52719fb6]" started-at="2022-12-07T14:04:45 EST" name="f" finished-at="2022-12-07T14:04:54 EST" duration-ms="8677" status="PASS">
          <reporter-output>
          </reporter-output>
        </test-method> <!-- f -->
      </class> <!-- testNG.FBLogin -->
    </test> <!-- Default test -->
  </suite> <!-- Default suite -->
</testng-results>
